Fri Feb 23 22:02:09 MST 2024 INFO - initAID - Set AID from STEAM_COMPAT_APP_ID to '0'
Fri Feb 23 22:02:09 MST 2024 INFO - initAID - Set AID from STEAM_COMPAT_DATA_PATH '/home/jacobpina/.local/share/Steam/steamapps/compatdata/2280205629' to '2280205629', because SteamAppId is '0'
Fri Feb 23 22:02:10 MST 2024 INFO - initAID - Set OSCDP to STEAM_COMPAT_DATA_PATH '/home/jacobpina/.local/share/Steam/steamapps/compatdata/2280205629'
Fri Feb 23 22:02:10 MST 2024 INFO - loadLangFile - Language from command line is 'english'
Fri Feb 23 22:02:10 MST 2024 INFO - loadLangFile - SYSTEMSTLCFGDIR is '/usr/share/steamtinkerlaunch'
Fri Feb 23 22:02:10 MST 2024 INFO - loadLangFile - Command line language 'english' is no file - trying to find its absolute path
Fri Feb 23 22:02:10 MST 2024 INFO - loadLangFile - Loading found user-installed /home/jacobpina/.config/steamtinkerlaunch/lang/english.txt
Fri Feb 23 22:02:11 MST 2024 INFO - getCurrentCommandline - No Proton in command line arguments 'waitforexitandrun /run/media/jacobpina/DATA/Games/ELDEN RING/Game/eldenring.exe'
Fri Feb 23 22:02:11 MST 2024 INFO - saveOrgVars - Storing some original variables to restore them later
Fri Feb 23 10:02:11 PM MST 2024 INFO - emptyVars - Emptied some original variables as they slowdown several system calls when started from steam
Fri Feb 23 10:02:11 PM MST 2024 INFO - emptyVars - Set $PATH to '/usr/local/bin:/usr/bin:/bin:/usr/local/sbin:/home/jacobpina/.local/share/flatpak/exports/bin:/var/lib/flatpak/exports/bin:/usr/lib/jvm/default/bin:/usr/bin/site_perl:/usr/bin/vendor_perl:/usr/bin/core_perl:/home/jacobpina/.local/bin:'
Fri Feb 23 10:02:11 PM MST 2024 START - ######### Initializing Game Launch 2280205629 using SteamTinkerLaunch v12.12 #########
Fri Feb 23 10:02:11 PM MST 2024 INFO - main - Starting with a clean log
Fri Feb 23 10:02:11 PM MST 2024 INFO - main - Start creating default configs
Fri Feb 23 10:02:11 PM MST 2024 INFO - createDefaultCfgs - START
Fri Feb 23 10:02:11 PM MST 2024 INFO - loadLanguage - First load the default language 'english' to make sure all variables are filled
Fri Feb 23 10:02:11 PM MST 2024 INFO - loadLangFile - Language from command line is 'english'
Fri Feb 23 10:02:11 PM MST 2024 INFO - loadLangFile - GLOBALSTLLANGDIR is '/usr/share/steamtinkerlaunch/lang'
Fri Feb 23 10:02:11 PM MST 2024 INFO - loadLangFile - Command line language 'english' is no file - trying to find its absolute path
Fri Feb 23 10:02:11 PM MST 2024 INFO - loadLangFile - Found user-installed /home/jacobpina/.config/steamtinkerlaunch/lang/english.txt, attempting to update it
Fri Feb 23 10:02:11 PM MST 2024 INFO - loadLangFile - Found lang file to replace the existing user-installed file with under '/usr/share/steamtinkerlaunch/lang/english.txt'
Fri Feb 23 10:02:11 PM MST 2024 INFO - loadLangFile - Loading found user-installed /home/jacobpina/.config/steamtinkerlaunch/lang/english.txt
Fri Feb 23 10:02:11 PM MST 2024 INFO - loadLanguage - Loading STLLANG from '/home/jacobpina/.config/steamtinkerlaunch/global.conf'
Fri Feb 23 10:02:11 PM MST 2024 INFO - loadLanguage - STLLANG from '/home/jacobpina/.config/steamtinkerlaunch/global.conf' is 'english'
Fri Feb 23 10:02:11 PM MST 2024 INFO - createDefaultCfgs - setSteamPaths:
Fri Feb 23 10:02:11 PM MST 2024 INFO - setSteamPaths - Reading Steam Path variables from '/dev/shm/steamtinkerlaunch/steampaths.txt'
Fri Feb 23 10:02:11 PM MST 2024 INFO - getGameOS - Starting game OS detection
Fri Feb 23 10:02:11 PM MST 2024 WARN - getGameOS - Could not extract the full game binary path from the incoming game launch command, so assuming this is a Windows game!
Fri Feb 23 10:02:11 PM MST 2024 INFO - setWin - '' determined to be a Windows Game
Fri Feb 23 10:02:11 PM MST 2024 INFO - createDefaultCfgs - createProtonList:
Fri Feb 23 10:02:11 PM MST 2024 INFO - createDefaultCfgs - createProtonList end
Fri Feb 23 10:02:11 PM MST 2024 INFO - listAllSettingsEntries - '/dev/shm/steamtinkerlaunch/setentries.txt' already exists - nothing to do
Fri Feb 23 10:02:11 PM MST 2024 INFO - createDefaultCfgs - STOP
Fri Feb 23 10:02:11 PM MST 2024 SKIP - listSteamLibraries - not recreating already available '/dev/shm/steamtinkerlaunch/SteamLibraries.txt'
Fri Feb 23 10:02:11 PM MST 2024 INFO - setSteamLibraryPaths - STEAM_COMPAT_LIBRARY_PATHS set to '/home/jacobpina/.local/share/Steam/steamapps:/run/media/jacobpina/DATA/SteamLibrary/steamapps'
Fri Feb 23 10:02:11 PM MST 2024 INFO - setSteamLibraryPaths - STEAM_COMPAT_MOUNTS set to '/home/jacobpina/.local/share/Steam/steamapps/common/SteamLinuxRuntime_sniper:/home/jacobpina/.local/share/Steam/steamapps/common/Steamworks Shared:/home/jacobpina/.local/share/Steam/steamapps/common/SteamLinuxRuntime_soldier'
Fri Feb 23 10:02:11 PM MST 2024 INFO - setSteamLibraryPaths - STEAM_COMPAT_TOOL_PATHS set to '/home/jacobpina/.local/share/Steam/steamapps/common/SteamLinuxRuntime_sniper:/home/jacobpina/.local/share/Steam/steamapps/common/Steamworks Shared:/home/jacobpina/.local/share/Steam/steamapps/common/SteamLinuxRuntime_soldier'
Fri Feb 23 10:02:12 PM MST 2024 INFO - main - Checking internal dependencies:
Fri Feb 23 10:02:12 PM MST 2024 INFO - setAwkBin - Found 'gawk' as an 'awk' variant. It should work without any issues, because 'gawk' was tested completely
Fri Feb 23 10:02:12 PM MST 2024 INFO - checkIntDeps - Result of version check for yad binary '/usr/bin/yad' is '13.0'
Fri Feb 23 10:02:12 PM MST 2024 INFO - main - Initializing first Proton:
Fri Feb 23 10:02:12 PM MST 2024 INFO - initOldProtonArr - Creating an initial array with available Proton versions using the file '/dev/shm/steamtinkerlaunch/ProtonCSV.txt' which was created during a previous run
Fri Feb 23 10:02:12 PM MST 2024 INFO - initFirstProton - Initializing Proton
Fri Feb 23 10:02:12 PM MST 2024 INFO - initFirstProton - Initial Proton version 'FIRSTUSEPROTON' from '/home/jacobpina/.config/steamtinkerlaunch/default_template.conf' is 'proton-8.0-5c'
Fri Feb 23 10:02:12 PM MST 2024 INFO - main - Initializing default window resolution
Fri Feb 23 10:02:12 PM MST 2024 INFO - setInitWinXY - Using '2580x1080' from config '/dev/shm/steamtinkerlaunch/defres.txt'
Fri Feb 23 10:02:12 PM MST 2024 INFO - main - Welcome to SteamTinkerLaunch
Fri Feb 23 10:02:12 PM MST 2024 INFO - removeEmptyFiles - Removing empty files from '/home/jacobpina/.config/steamtinkerlaunch/games/appinfo'
Fri Feb 23 10:02:12 PM MST 2024 INFO - removeEmptyFiles - Removing empty files from '/home/jacobpina/.config/steamtinkerlaunch/games/header'
Fri Feb 23 10:02:12 PM MST 2024 INFO - main - Checking command line: incoming arguments 'waitforexitandrun /run/media/jacobpina/DATA/Games/ELDEN RING/Game/eldenring.exe'
Fri Feb 23 10:02:12 PM MST 2024 SKIP - getGameOS - ISGAME is already set to '2' - nothing to determine
Fri Feb 23 10:02:12 PM MST 2024 INFO - linkLog - Symlink '/home/jacobpina/.config/steamtinkerlaunch/logs/steamtinkerlaunch/title/ELDEN.log' already exists
Fri Feb 23 10:02:12 PM MST 2024 INFO - getAppInfoData - Retrieving data for 'name' from '/home/jacobpina/.config/steamtinkerlaunch/games/appinfo/2280205629.bin'
Fri Feb 23 10:02:12 PM MST 2024 START - ######### Game Launch: ELDEN (2280205629) #########
Fri Feb 23 10:02:12 PM MST 2024 INFO - dlCheck - Downloading picture for game '2280205629'
Fri Feb 23 10:02:12 PM MST 2024 INFO - notiShow - Message 'Downloading '/home/jacobpina/.config/steamtinkerlaunch/games/header/2280205629.jpg'' should go to StatusWindow
Fri Feb 23 10:02:12 PM MST 2024 INFO - dlCheck - 'wget -q --show-progress https://steamcdn-a.akamaihd.net/steam/apps/2280205629/header.jpg -O /home/jacobpina/.config/steamtinkerlaunch/games/header/2280205629.jpg'
Fri Feb 23 10:02:12 PM MST 2024 INFO - prepareLaunch - Game launch args '/run/media/jacobpina/DATA/Games/ELDEN RING/Game/eldenring.exe'
Fri Feb 23 10:02:12 PM MST 2024 INFO - prepareLaunch - Gamedir '/run/media/jacobpina/DATA/Games'
Fri Feb 23 10:02:12 PM MST 2024 INFO - prepareLaunch - Proton wineprefix '/home/jacobpina/.local/share/Steam/steamapps/compatdata/2280205629/pfx'
Fri Feb 23 10:02:12 PM MST 2024 INFO - prepareLaunch - No INGCMD but valid ORGGCMD - May be Non-Steam game
Fri Feb 23 10:02:12 PM MST 2024 INFO - prepareLaunch -------------------
Fri Feb 23 10:02:12 PM MST 2024 INFO - prepareLaunch - CreateGameCfg:
Fri Feb 23 10:02:12 PM MST 2024 SKIP - updateConfigFile - Config file '/home/jacobpina/.config/steamtinkerlaunch/gamecfgs/id/2280205629.conf' already at version 'v12.12'
Fri Feb 23 10:02:12 PM MST 2024 INFO - linkGameCfg - Symlink '/home/jacobpina/.config/steamtinkerlaunch/gamecfgs/title/ELDEN.conf' already exists
Fri Feb 23 10:02:12 PM MST 2024 INFO - prepareLaunch - First LoadCfg: /home/jacobpina/.config/steamtinkerlaunch/gamecfgs/id/2280205629.conf
Fri Feb 23 10:02:12 PM MST 2024 INFO - loadCfg - '/home/jacobpina/.config/steamtinkerlaunch/gamecfgs/id/2280205629.conf' START
Fri Feb 23 10:02:12 PM MST 2024 INFO - loadCfg - Loading game config '/home/jacobpina/.config/steamtinkerlaunch/gamecfgs/id/2280205629.conf'
Fri Feb 23 10:02:12 PM MST 2024 INFO - migrateCfgOption - File '/home/jacobpina/.config/steamtinkerlaunch/dxvk/2280205629.conf' does not exist - nothing to do
Fri Feb 23 10:02:12 PM MST 2024 INFO - loadCfg - '/home/jacobpina/.config/steamtinkerlaunch/gamecfgs/id/2280205629.conf' STOP
Fri Feb 23 10:02:13 PM MST 2024 SKIP - autoBumpReShade - '5.9.1' is the latest version of 'ReShade' - not updating
Fri Feb 23 10:02:13 PM MST 2024 INFO - prepareLaunch - Initial Proton version from the game config: 'experimental-8.0-20240205'
Fri Feb 23 10:02:13 PM MST 2024 INFO - prepareLaunch - Initializing internal Proton Vars for 'experimental-8.0-20240205' using setNewProtVars
Fri Feb 23 10:02:13 PM MST 2024 INFO - setNewProtVars - Setting new Proton Variables based on '/home/jacobpina/.local/share/Steam/steamapps/common/Proton - Experimental/proton'
Fri Feb 23 10:02:13 PM MST 2024 INFO - setNewProtVars - Continuing with RUNPROTON='/home/jacobpina/.local/share/Steam/steamapps/common/Proton - Experimental/proton'
Fri Feb 23 10:02:13 PM MST 2024 INFO - setRunWineServer - Initiated from 'setNewProtVars'
Fri Feb 23 10:02:13 PM MST 2024 INFO - setRunWineServer - Set the wine binary for proton in path '/home/jacobpina/.local/share/Steam/steamapps/common/Proton - Experimental/proton'
Fri Feb 23 10:02:13 PM MST 2024 INFO - setRunWineServer - to '/home/jacobpina/.local/share/Steam/steamapps/common/Proton - Experimental/files/bin/wine'
Fri Feb 23 10:02:13 PM MST 2024 INFO - setRunWineServer - and wineserver to '/home/jacobpina/.local/share/Steam/steamapps/common/Proton - Experimental/files/bin/wineserver'
Fri Feb 23 10:02:13 PM MST 2024 INFO - setNewProtVars - Using 'elden_ring_seamless_coop.dll=n;OnlineFix64.dll=n;steam_api64.dll=n;winmm.dll=n,b' as 'WINEDLLOVERRIDES' parameter
Fri Feb 23 10:02:13 PM MST 2024 INFO - prepareLaunch - OpenTrayIcon:
Fri Feb 23 10:02:13 PM MST 2024 INFO - autoCollectionSettings - Searching collections for game '2280205629' in '/home/jacobpina/.local/share/Steam/userdata/95264632/7/remote/sharedconfig.vdf'
Fri Feb 23 10:02:13 PM MST 2024 SKIP - autoCollectionSettings - Global Config '' not found - skipping
Fri Feb 23 10:02:13 PM MST 2024 SKIP - autoCollectionSettings - Collections Directory Config '' not found - skipping
Fri Feb 23 10:02:13 PM MST 2024 INFO - setFullGameExePath - User did not enable 'CUSTOMCMDRESHADE' - Using the game's exe directroy as the ReShade installation directory
Fri Feb 23 10:02:13 PM MST 2024 INFO - setShaderDest - Determining Shader destination directory SHADDESTDIR
Fri Feb 23 10:02:13 PM MST 2024 INFO - setShaderDest - Using variable ABSGAMEEXEPATH for Shader destination directory ''
Fri Feb 23 10:02:13 PM MST 2024 INFO - setFullGameExePath - Using the base game directory '/run/media/jacobpina/DATA/Games' as absolute game exe path - probably never reached?
Fri Feb 23 10:02:13 PM MST 2024 INFO - openTrayIcon - Opening trayIcon:
Fri Feb 23 10:02:13 PM MST 2024 INFO - prepareLaunch - sortGameArgs:
Fri Feb 23 10:02:13 PM MST 2024 SKIP - sortGameArgs - Sorting the game arguments is disabled
Fri Feb 23 10:02:13 PM MST 2024 INFO - prepareLaunch - AskSettings:
Fri Feb 23 10:02:13 PM MST 2024 INFO - askSettings - Using game specific requester timeout '2'
Fri Feb 23 10:02:13 PM MST 2024 INFO - askSettings - Opening Requester with timeout '2'
Fri Feb 23 10:02:13 PM MST 2024 INFO - getGameTextFiles - Searching for at least one editable textfile in '/home/jacobpina/.local/share/Steam/steamapps/compatdata/2280205629/pfx/drive_c/users/steamuser'
Fri Feb 23 10:02:14 PM MST 2024 INFO - getAppInfoData - Retrieving data for 'name' from '/home/jacobpina/.config/steamtinkerlaunch/games/appinfo/2280205629.bin'
Fri Feb 23 10:02:14 PM MST 2024 INFO - getRes - Detected screen resolution '3440x1440'
Fri Feb 23 10:02:14 PM MST 2024 INFO - pollWinRes - Using GEOM '--geometry=1696x1368+0+0' from '/home/jacobpina/.config/steamtinkerlaunch/guicfgs/3440x1440/2280205629/SteamTinkerLaunch-OpenSettings.conf'
Fri Feb 23 10:02:14 PM MST 2024 INFO - updateWinRes - Starting resolution-poll for '/home/jacobpina/.config/steamtinkerlaunch/guicfgs/3440x1440/2280205629/SteamTinkerLaunch-OpenSettings.conf' with incoming '1696x1368'
Fri Feb 23 10:02:14 PM MST 2024 INFO - setShowPic - Using hero image found in Steam Grid folder - '/home/jacobpina/.local/share/Steam/userdata/95264632/config/grid/2280205629_hero.jpg'
Fri Feb 23 10:02:14 PM MST 2024 INFO - updateWinRes - Waiting for Window 'SteamTinkerLaunch-OpenSettings'
Fri Feb 23 10:02:14 PM MST 2024 WARN - getProtonDBRating - Can't get data from 'https://www.protondb.com/api/v1/reports/summaries/2280205629.json' because 'jq' is not installed
Fri Feb 23 10:02:14 PM MST 2024 WARN - prepareSteamDeckCompatInfo - Can't get Steam Deck compatibility information because 'jq' is not installed
Fri Feb 23 10:02:14 PM MST 2024 INFO - askSettings - Could not retrieve Steam Deck compatibility rating, defaulting to Unknown - Maybe 'jq' is missing or we are offline?
Fri Feb 23 10:02:14 PM MST 2024 INFO - askSettings - Steam Deck compatibility rating string is '<b>Steam Deck Compatibility:</b> '
Fri Feb 23 10:02:14 PM MST 2024 INFO - askSettings - Preparing to show Wait Requester
Fri Feb 23 10:02:15 PM MST 2024 INFO - updateWinRes - Window 'SteamTinkerLaunch-OpenSettings' is running - polling the resolution
Fri Feb 23 10:02:17 PM MST 2024 INFO - askSettings - TIMEOUT - Starting game without opening the Settings Menu
Fri Feb 23 10:02:17 PM MST 2024 INFO - prepareLaunch - Second LoadCfg after menus: /home/jacobpina/.config/steamtinkerlaunch/gamecfgs/id/2280205629.conf
Fri Feb 23 10:02:17 PM MST 2024 INFO - loadCfg - '/home/jacobpina/.config/steamtinkerlaunch/gamecfgs/id/2280205629.conf' START
Fri Feb 23 10:02:17 PM MST 2024 INFO - loadCfg - Loading game config '/home/jacobpina/.config/steamtinkerlaunch/gamecfgs/id/2280205629.conf'
Fri Feb 23 10:02:17 PM MST 2024 INFO - migrateCfgOption - File '/home/jacobpina/.config/steamtinkerlaunch/dxvk/2280205629.conf' does not exist - nothing to do
Fri Feb 23 10:02:17 PM MST 2024 INFO - loadCfg - '/home/jacobpina/.config/steamtinkerlaunch/gamecfgs/id/2280205629.conf' STOP
Fri Feb 23 10:02:17 PM MST 2024 INFO - updateWinRes - The Window 'SteamTinkerLaunch-OpenSettings' was closed - the resolution didn't change - nothing to do
Fri Feb 23 10:02:17 PM MST 2024 INFO - setDxvkVars - Exporting variable 'DXVK_FRAME_RATE=none' to limit game framerate
Fri Feb 23 10:02:17 PM MST 2024 INFO - autoCollectionSettings - Searching collections for game '2280205629' in '/home/jacobpina/.local/share/Steam/userdata/95264632/7/remote/sharedconfig.vdf'
Fri Feb 23 10:02:17 PM MST 2024 SKIP - autoCollectionSettings - Global Config '' not found - skipping
Fri Feb 23 10:02:17 PM MST 2024 SKIP - autoCollectionSettings - Collections Directory Config '' not found - skipping
Fri Feb 23 10:02:17 PM MST 2024 INFO - prepareLaunch - sortGameArgs again, in case something changed above:
Fri Feb 23 10:02:17 PM MST 2024 SKIP - sortGameArgs - Sorting the game arguments is disabled
Fri Feb 23 10:02:17 PM MST 2024 INFO - prepareLaunch - symlinkSteamUser:
Fri Feb 23 10:02:17 PM MST 2024 SKIP - symlinkSteamUser - Symlinking steamuser is disabled - Checking if a symlink needs to be reverted
Fri Feb 23 10:02:17 PM MST 2024 SKIP - symlinkSteamUser - '/home/jacobpina/.local/share/Steam/steamapps/compatdata/2280205629/pfx/drive_c/users/steamuser' is no symlink - nothing to do
Fri Feb 23 10:02:17 PM MST 2024 INFO - prepareLaunch - restoreSteamUser:
Fri Feb 23 10:02:17 PM MST 2024 INFO - restoreSteamUser - Using configured value 'none' for RESTORESTEAMUSER
Fri Feb 23 10:02:17 PM MST 2024 INFO - restoreSteamUser - Restoration of steamuser data is disabled with RESTORESTEAMUSER being 'none
Fri Feb 23 10:02:17 PM MST 2024 INFO - prepareLaunch - prepareProton:
Fri Feb 23 10:02:17 PM MST 2024 INFO - prepareProton - Using 'elden_ring_seamless_coop.dll=n;OnlineFix64.dll=n;steam_api64.dll=n;winmm.dll=n,b' as 'WINEDLLOVERRIDES' parameter
Fri Feb 23 10:02:17 PM MST 2024 INFO - prepareProton - DLSS is enabled and '/usr/share/steamtinkerlaunch/misc/dxvk-no-nvapiHack.conf' was found - enabling all options required for DLSS
Fri Feb 23 10:02:17 PM MST 2024 INFO - prepareProton - disabling variable DXVK_HUD which is set to 0 to make the variable DXVK_CONFIG_FILE functional
Fri Feb 23 10:02:17 PM MST 2024 INFO - prepareLaunch - setLinGameVals :
Fri Feb 23 10:02:17 PM MST 2024 INFO - prepareLaunch - CheckTweakLaunch:
Fri Feb 23 10:02:17 PM MST 2024 INFO - prepareLaunch - checkXliveless:
Fri Feb 23 10:02:17 PM MST 2024 INFO - prepareLaunch - chooseWinetricks:
Fri Feb 23 10:02:17 PM MST 2024 INFO - prepareLaunch - checkExtDeps:
Fri Feb 23 10:02:17 PM MST 2024 INFO - prepareLaunch - checkExtDeps done
Fri Feb 23 10:02:17 PM MST 2024 INFO - prepareLaunch - setWineVars:
Fri Feb 23 10:02:17 PM MST 2024 INFO - prepareLaunch - CheckWinetricksLaunch:
Fri Feb 23 10:02:17 PM MST 2024 INFO - prepareLaunch - CheckWineCfgLaunch:
Fri Feb 23 10:02:17 PM MST 2024 WARN - checkWineCfgLaunch - Function was called but RUN_WINECFG ('0') was not enabled - skipping
Fri Feb 23 10:02:17 PM MST 2024 INFO - prepareLaunch - CustomRegs:
Fri Feb 23 10:02:17 PM MST 2024 INFO - prepareLaunch - TogWindows:
Fri Feb 23 10:02:17 PM MST 2024 INFO - prepareLaunch - StateSteamWebHelper:
Fri Feb 23 10:02:17 PM MST 2024 INFO - prepareLaunch - InstallReshade:
Fri Feb 23 10:02:17 PM MST 2024 INFO - prepareLaunch - installDepth3DReshade:
Fri Feb 23 10:02:17 PM MST 2024 INFO - prepareLaunch - checkReshade:
Fri Feb 23 10:02:17 PM MST 2024 INFO - autoCollectionSettings - Searching collections for game '2280205629' in '/home/jacobpina/.local/share/Steam/userdata/95264632/7/remote/sharedconfig.vdf'
Fri Feb 23 10:02:17 PM MST 2024 SKIP - autoCollectionSettings - Global Config '' not found - skipping
Fri Feb 23 10:02:17 PM MST 2024 SKIP - autoCollectionSettings - Collections Directory Config '' not found - skipping
Fri Feb 23 10:02:17 PM MST 2024 INFO - setFullGameExePath - User did not enable 'CUSTOMCMDRESHADE' - Using the game's exe directroy as the ReShade installation directory
Fri Feb 23 10:02:17 PM MST 2024 INFO - setShaderDest - Shader destination directory is '/run/media/jacobpina/DATA/Games'
Fri Feb 23 10:02:17 PM MST 2024 INFO - setFullGameExePath - Using SHADDESTDIR '/run/media/jacobpina/DATA/Games' for 'SHADDESTDIR'
Fri Feb 23 10:02:17 PM MST 2024 INFO - prepareLaunch - useSpecialK:
Fri Feb 23 10:02:17 PM MST 2024 INFO - setFullGameExePath - User did not enable 'CUSTOMCMDRESHADE' - Using the game's exe directroy as the ReShade installation directory
Fri Feb 23 10:02:17 PM MST 2024 INFO - setFullGameExePath - Using SHADDESTDIR '/run/media/jacobpina/DATA/Games' for 'SPEKDDIR'
Fri Feb 23 10:02:17 PM MST 2024 INFO - prepareLaunch - configureGeoElf:
Fri Feb 23 10:02:17 PM MST 2024 INFO - setFullGameExePath - User did not enable 'CUSTOMCMDRESHADE' - Using the game's exe directroy as the ReShade installation directory
Fri Feb 23 10:02:17 PM MST 2024 INFO - setFullGameExePath - Using SHADDESTDIR '/run/media/jacobpina/DATA/Games' for 'GEOELFDDIR'
Fri Feb 23 10:02:17 PM MST 2024 INFO - prepareLaunch - ChooseShaders:
Fri Feb 23 10:02:17 PM MST 2024 INFO - prepareLaunch - UseNyrnaz:
Fri Feb 23 10:02:17 PM MST 2024 INFO - prepareLaunch - UseReplay:
Fri Feb 23 10:02:17 PM MST 2024 INFO - prepareLaunch - CheckSBSVRLaunch:
Fri Feb 23 10:02:17 PM MST 2024 INFO - prepareLaunch - checkMO2:
Fri Feb 23 10:02:17 PM MST 2024 INFO - prepareLaunch - setNewRes:
Fri Feb 23 10:02:17 PM MST 2024 INFO - getRes - Detected screen resolution '3440x1440'
Fri Feb 23 10:02:17 PM MST 2024 INFO - prepareLaunch - customUserScriptStart:
Fri Feb 23 10:02:17 PM MST 2024 INFO - prepareLaunch - redirectSCDP:
Fri Feb 23 10:02:17 PM MST 2024 INFO - redirectSCDP - Using Proton version with minor version fix 'experimental-8.0-20240205' for compatdata directory name
Fri Feb 23 10:02:17 PM MST 2024 INFO - redirectSCDP - Using regular compatdata '/home/jacobpina/.local/share/Steam/steamapps/compatdata/2280205629'
Fri Feb 23 10:02:17 PM MST 2024 INFO - prepareLaunch - checkIGCSInjector:
Fri Feb 23 10:02:17 PM MST 2024 INFO - prepareLaunch - checkOpenVRFSR:
Fri Feb 23 10:02:17 PM MST 2024 INFO - prepareLaunch - CheckFWS:
Fri Feb 23 10:02:17 PM MST 2024 INFO - loadCustomVars - Empty global config '/home/jacobpina/.config/steamtinkerlaunch/gamecfgs/customvars/global-custom-vars.conf' for user defined custom variables not loaded
Fri Feb 23 10:02:17 PM MST 2024 INFO - loadCustomVars - Empty game-specific config '/home/jacobpina/.config/steamtinkerlaunch/gamecfgs/customvars/2280205629.conf' for user defined custom variables not loaded
Fri Feb 23 10:02:17 PM MST 2024 INFO - prepareLaunch - CheckCustomLaunch:
Fri Feb 23 10:02:17 PM MST 2024 INFO - checkCustomLaunch - USECUSTOMCMD is set to '1' - trying to start custom program '/run/media/jacobpina/DATA/Games/ELDEN RING/Game/eldenring.exe'
Fri Feb 23 10:02:17 PM MST 2024 INFO - checkCustomLaunch - FORK_CUSTOMCMD is set to 0 - starting the custom program regularly
Fri Feb 23 10:02:17 PM MST 2024 INFO - launchCustomProg - '/run/media/jacobpina/DATA/Games/ELDEN RING/Game/eldenring.exe' found
Fri Feb 23 10:02:17 PM MST 2024 INFO - launchCustomProg - Changed pwd into the custom directory '/run/media/jacobpina/DATA/Games/ELDEN RING/Game'
Fri Feb 23 10:02:17 PM MST 2024 INFO - launchCustomProg - '/run/media/jacobpina/DATA/Games/ELDEN RING/Game/eldenring.exe' seems to be a MS Windows program - starting through proton
Fri Feb 23 10:02:17 PM MST 2024 INFO - launchCustomProg - '/run/media/jacobpina/DATA/Games/ELDEN RING/Game/eldenring.exe' seems to be a MS gui program - starting regularly
Fri Feb 23 10:02:17 PM MST 2024 INFO - setRunProtonFromUseProton - Setting ORUNPROTON to '/home/jacobpina/.local/share/Steam/steamapps/common/Proton - Experimental/proton'
Fri Feb 23 10:02:17 PM MST 2024 SKIP - setRunProtonFromUseProton - RUNPROTON '/home/jacobpina/.local/share/Steam/steamapps/common/Proton - Experimental/proton' hasn't changed
Fri Feb 23 10:02:17 PM MST 2024 INFO - extProtonRun - Continuing with RUNPROTON='/home/jacobpina/.local/share/Steam/steamapps/common/Proton - Experimental/proton'
Fri Feb 23 10:02:17 PM MST 2024 INFO - extProtonRun - No external program args here it seems
Fri Feb 23 10:02:17 PM MST 2024 INFO - extProtonRun - Starting '/run/media/jacobpina/DATA/Games/ELDEN RING/Game/eldenring.exe' regularly
Fri Feb 23 10:02:17 PM MST 2024 INFO - restoreOrgVars - Restoring previously cleared Variables
